<?xml version="1.0" encoding="UTF-8"?>
<!-- Generated by org.testng.reporters.JUnitReportReporter -->
<testsuite hostname="Manimar" failures="0" tests="3" name="group_Cricket" time="0.010" errors="0" timestamp="2024-11-14T11:01:05 IST" skipped="0">
  <testcase classname="group_Cricket" name="ABD" time="0.008"/>
  <testcase classname="group_Cricket" name="ViratKohli" time="0.001"/>
  <testcase classname="group_Cricket" name="Gayle" time="0.001"/>
</testsuite> <!-- group_Cricket -->
