<?xml version="1.0" encoding="UTF-8"?>
<!-- Generated by org.testng.reporters.JUnitReportReporter -->
<testsuite hostname="Manimar" failures="0" tests="3" name="threadPoolSize" time="51.407" errors="0" timestamp="2024-11-13T17:19:31 IST" skipped="0">
  <testcase classname="threadPoolSize" name="navigate" time="17.181"/>
  <testcase classname="threadPoolSize" name="navigate" time="17.076"/>
  <testcase classname="threadPoolSize" name="navigate" time="17.150"/>
</testsuite> <!-- threadPoolSize -->
