<?xml version="1.0" encoding="UTF-8"?>
<!-- Generated by org.testng.reporters.JUnitReportReporter -->
<testsuite hostname="Manimar" failures="0" tests="4" name="dataProvider" time="56.373" errors="0" timestamp="2024-11-20T18:02:55 IST" skipped="0">
  <testcase classname="dataProvider" name="loginFuntionality" time="14.021"/>
  <testcase classname="dataProvider" name="loginFuntionality" time="12.567"/>
  <testcase classname="dataProvider" name="loginFuntionality" time="15.454"/>
  <testcase classname="dataProvider" name="loginFuntionality" time="14.331"/>
</testsuite> <!-- dataProvider -->
