<?xml version="1.0" encoding="UTF-8"?>
<!-- Generated by org.testng.reporters.JUnitReportReporter -->
<testsuite hostname="Manimar" failures="0" tests="1" name="handlingFrames" time="11.252" errors="0" timestamp="2024-12-04T14:46:48 IST" skipped="0">
  <testcase classname="handlingFrames" name="Frames" time="11.252"/>
</testsuite> <!-- handlingFrames -->
