<?xml version="1.0" encoding="UTF-8"?>
<!-- Generated by org.testng.reporters.JUnitReportReporter -->
<testsuite hostname="Manimar" failures="0" tests="1" name="Practise.js_Operations" time="7.916" errors="0" timestamp="2024-11-30T12:59:42 IST" skipped="0">
  <testcase classname="Practise.js_Operations" name="Scroll" time="7.916"/>
</testsuite> <!-- Practise.js_Operations -->
