<?xml version="1.0" encoding="UTF-8"?>
<!-- Generated by org.testng.reporters.JUnitReportReporter -->
<testsuite hostname="Manimar" failures="0" tests="2" name="paraMeters" time="31.070" errors="0" timestamp="2024-11-14T15:56:23 IST" skipped="0">
  <testcase classname="paraMeters" name="para" time="14.697"/>
  <testcase classname="paraMeters" name="para" time="16.373"/>
</testsuite> <!-- paraMeters -->
