<?xml version="1.0" encoding="UTF-8"?>
<!-- Generated by org.testng.reporters.JUnitReportReporter -->
<testsuite hostname="Manimar" failures="0" tests="1" name="findElements" time="4.642" errors="0" timestamp="2024-11-25T10:35:38 IST" skipped="0">
  <testcase classname="findElements" name="Displayed" time="4.642"/>
</testsuite> <!-- findElements -->
