<?xml version="1.0" encoding="UTF-8"?>
<!-- Generated by org.testng.reporters.JUnitReportReporter -->
<testsuite hostname="Maaran-CR241" failures="0" tests="1" name="Test.Test_Express_Inv" time="4.952" errors="0" timestamp="2025-09-13T12:59:44 IST" skipped="0">
  <testcase classname="Test.Test_Express_Inv" name="TestCase_001" time="4.952"/>
</testsuite> <!-- Test.Test_Express_Inv -->
