<?xml version="1.0" encoding="UTF-8"?>
<!-- Generated by org.testng.reporters.JUnitReportReporter -->
<testsuite hostname="Manimar" failures="0" tests="1" name="Test_001" time="0.004" errors="0" timestamp="2024-11-25T10:35:05 IST" skipped="0">
  <testcase classname="Test_001" name="Testcase_001" time="0.004"/>
</testsuite> <!-- Test_001 -->
