<?xml version="1.0" encoding="UTF-8"?>
<!-- Generated by org.testng.reporters.JUnitReportReporter -->
<testsuite hostname="Manimar" failures="0" tests="5" name="group_Wwe" time="0.009" errors="0" timestamp="2024-11-14T11:01:05 IST" skipped="0">
  <testcase classname="group_Wwe" name="RandyOrton" time="0.001"/>
  <testcase classname="group_Wwe" name="JohnCena" time="0.001"/>
  <testcase classname="group_Wwe" name="PaulHeyman" time="0.003"/>
  <testcase classname="group_Wwe" name="BrockLesnar" time="0.002"/>
  <testcase classname="group_Wwe" name="RomanReigns" time="0.002"/>
</testsuite> <!-- group_Wwe -->
