<?xml version="1.0" encoding="UTF-8"?>
<!-- Generated by org.testng.reporters.JUnitReportReporter -->
<testsuite hostname="Manimar" failures="0" tests="1" name="handlingAlertwithoutSwitchTo" time="12.507" errors="0" timestamp="2024-12-03T15:07:08 IST" skipped="0">
  <testcase classname="handlingAlertwithoutSwitchTo" name="Alerts" time="12.507"/>
</testsuite> <!-- handlingAlertwithoutSwitchTo -->
