<?xml version="1.0" encoding="UTF-8"?>
<!-- Generated by org.testng.reporters.JUnitReportReporter -->
<testsuite hostname="Manimar" failures="0" tests="1" name="handling_Checkboxes" time="8.398" errors="0" timestamp="2024-12-03T11:49:50 IST" skipped="0">
  <testcase classname="handling_Checkboxes" name="CheckBoxes" time="8.398"/>
</testsuite> <!-- handling_Checkboxes -->
