<?xml version="1.0" encoding="UTF-8"?>
<!-- Generated by org.testng.reporters.JUnitReportReporter -->
<testsuite hostname="Manimar" failures="0" tests="1" name="handlingAlerts" time="13.982" errors="0" timestamp="2024-12-03T14:32:03 IST" skipped="0">
  <testcase classname="handlingAlerts" name="Alerts" time="13.982"/>
</testsuite> <!-- handlingAlerts -->
