<?xml version="1.0" encoding="UTF-8"?>
<!-- Generated by org.testng.reporters.JUnitReportReporter -->
<testsuite hostname="Manimar" failures="0" tests="1" name="Practise.mouse_Actions" time="8.016" errors="0" timestamp="2024-11-28T17:43:57 IST" skipped="0">
  <testcase classname="Practise.mouse_Actions" name="rightClick" time="8.016"/>
</testsuite> <!-- Practise.mouse_Actions -->
