<?xml version="1.0" encoding="UTF-8"?>
<!-- Generated by org.testng.reporters.JUnitReportReporter -->
<testsuite hostname="Manimar" failures="0" tests="1" name="cricBuzz_verify" time="4.085" errors="0" timestamp="2024-11-25T10:35:38 IST" skipped="0">
  <testcase classname="cricBuzz_verify" name="verify" time="4.085"/>
</testsuite> <!-- cricBuzz_verify -->
